#
# There is insufficient memory for the Java Runtime Environment to continue.
# Native memory allocation (mmap) failed to map 268435456 bytes for Failed to commit area from 0x0000000701000000 to 0x0000000711000000 of length 268435456.
# Possible reasons:
#   The system is out of physical RAM or swap space
#   The process is running with CompressedOops enabled, and the Java Heap may be blocking the growth of the native heap
# Possible solutions:
#   Reduce memory load on the system
#   Increase physical memory or swap space
#   Check if swap backing store is full
#   Decrease Java heap size (-Xmx/-Xms)
#   Decrease number of Java threads
#   Decrease Java thread stack sizes (-Xss)
#   Set larger code cache with -XX:ReservedCodeCacheSize=
# This output file may be truncated or incomplete.
#
#  Out of Memory Error (./src/hotspot/os/windows/os_windows.cpp:3521), pid=48964, tid=16912
#
# JRE version:  (11.0.12+7) (build )
# Java VM: OpenJDK 64-Bit Server VM (11.0.12+7-b1504.28-7817840, mixed mode, sharing, tiered, compressed oops, g1 gc, windows-amd64)
# No core dump will be written. Minidumps are not enabled by default on client versions of Windows
#

---------------  S U M M A R Y ------------

Command Line: 

Host: Intel(R) Core(TM) i5-9400F CPU @ 2.90GHz, 6 cores, 15G,  Windows 10 , 64 bit Build 19041 (10.0.19041.2251)
Time: Fri Dec  9 23:07:55 2022 Pakistan Standard Time elapsed time: 0.021552 seconds (0d 0h 0m 0s)

---------------  T H R E A D  ---------------

Current thread (0x0000024025e0f000):  JavaThread "Unknown thread" [_thread_in_vm, id=16912, stack(0x00000072a6800000,0x00000072a6900000)]

Stack: [0x00000072a6800000,0x00000072a6900000]
Native frames: (J=compiled Java code, j=interpreted, Vv=VM code, C=native code)
V  [jvm.dll+0x5fbcea]
V  [jvm.dll+0x731905]
V  [jvm.dll+0x732f1d]
V  [jvm.dll+0x7335d3]
V  [jvm.dll+0x247bf8]
V  [jvm.dll+0x5f90b4]
V  [jvm.dll+0x5edc85]
V  [jvm.dll+0x305aeb]
V  [jvm.dll+0x305a5a]
V  [jvm.dll+0x305932]
V  [jvm.dll+0x30a896]
V  [jvm.dll+0x353803]
V  [jvm.dll+0x353f06]
V  [jvm.dll+0x353903]
V  [jvm.dll+0x2e0678]
V  [jvm.dll+0x2e1827]
V  [jvm.dll+0x710037]
V  [jvm.dll+0x71182c]
V  [jvm.dll+0x360da9]
V  [jvm.dll+0x6f390e]
V  [jvm.dll+0x3c9723]
V  [jvm.dll+0x3cb9b1]
C  [jli.dll+0x536b]
C  [ucrtbase.dll+0x21bb2]
C  [KERNEL32.DLL+0x174b4]
C  [ntdll.dll+0x526a1]


---------------  P R O C E S S  ---------------

Threads class SMR info:
_java_thread_list=0x0000024023bb3550, length=0, elements={
}

Java Threads: ( => current thread )

Other Threads:
  0x0000024025e21800 GCTaskThread "GC Thread#0" [stack: 0x00000072a6900000,0x00000072a6a00000] [id=18216]
  0x0000024025e7d000 ConcurrentGCThread "G1 Main Marker" [stack: 0x00000072a6a00000,0x00000072a6b00000] [id=11604]
  0x0000024025e7e800 ConcurrentGCThread "G1 Conc#0" [stack: 0x00000072a6b00000,0x00000072a6c00000] [id=52504]

[error occurred during error reporting (printing all threads), id 0xc0000005, EXCEPTION_ACCESS_VIOLATION (0xc0000005) at pc=0x00007ff8b4040be7]

VM state:not at safepoint (not fully initialized)

VM Mutex/Monitor currently owned by a thread:  ([mutex/lock_event])
[0x0000024025e0a7a0] Heap_lock - owner thread: 0x0000024025e0f000

Heap address: 0x0000000701000000, size: 4080 MB, Compressed Oops mode: Non-zero based: 0x0000000701000000
Narrow klass base: 0x0000000000000000, Narrow klass shift: 0

GC Heap History (0 events):
No events

Deoptimization events (0 events):
No events

Classes redefined (0 events):
No events

Internal exceptions (0 events):
No events

Events (1 events):
Event: 0.014 Loaded shared library C:\Program Files\Android\Android Studio1\jre\bin\zip.dll


Dynamic libraries:
0x00007ff6578b0000 - 0x00007ff6578ba000 	C:\Program Files\Android\Android Studio1\jre\bin\java.EXE
0x00007ff906550000 - 0x00007ff906748000 	C:\Windows\SYSTEM32\ntdll.dll
0x00007ff906260000 - 0x00007ff90631f000 	C:\Windows\System32\KERNEL32.DLL
0x00007ff903f30000 - 0x00007ff904202000 	C:\Windows\System32\KERNELBASE.dll
0x00007ff903c80000 - 0x00007ff903d80000 	C:\Windows\System32\ucrtbase.dll
0x00007ff8dab30000 - 0x00007ff8dab49000 	C:\Program Files\Android\Android Studio1\jre\bin\jli.dll
0x00007ff8d4f60000 - 0x00007ff8d4f77000 	C:\Program Files\Android\Android Studio1\jre\bin\VCRUNTIME140.dll
0x00007ff904fc0000 - 0x00007ff90515d000 	C:\Windows\System32\USER32.dll
0x00007ff8f0250000 - 0x00007ff8f04ea000 	C:\Windows\WinSxS\amd64_microsoft.windows.common-controls_6595b64144ccf1df_6.0.19041.1110_none_60b5254171f9507e\COMCTL32.dll
0x00007ff9043d0000 - 0x00007ff9043f2000 	C:\Windows\System32\win32u.dll
0x00007ff906100000 - 0x00007ff90619e000 	C:\Windows\System32\msvcrt.dll
0x00007ff905160000 - 0x00007ff90518b000 	C:\Windows\System32\GDI32.dll
0x00007ff904400000 - 0x00007ff90450f000 	C:\Windows\System32\gdi32full.dll
0x00007ff904280000 - 0x00007ff90431d000 	C:\Windows\System32\msvcp_win.dll
0x00007ff904ad0000 - 0x00007ff904b02000 	C:\Windows\System32\IMM32.DLL
0x00007ff8b6420000 - 0x00007ff8b64bd000 	C:\Program Files\Android\Android Studio1\jre\bin\msvcp140.dll
0x00007ff8b3d50000 - 0x00007ff8b4835000 	C:\Program Files\Android\Android Studio1\jre\bin\server\jvm.dll
0x00007ff9045a0000 - 0x00007ff90464e000 	C:\Windows\System32\ADVAPI32.dll
0x00007ff904f20000 - 0x00007ff904fbc000 	C:\Windows\System32\sechost.dll
0x00007ff904650000 - 0x00007ff904775000 	C:\Windows\System32\RPCRT4.dll
0x00007ff906020000 - 0x00007ff906028000 	C:\Windows\System32\PSAPI.DLL
0x00007ff8f40d0000 - 0x00007ff8f40f7000 	C:\Windows\SYSTEM32\WINMM.dll
0x00007ff901490000 - 0x00007ff901499000 	C:\Windows\SYSTEM32\WSOCK32.dll
0x00007ff9059c0000 - 0x00007ff905a2b000 	C:\Windows\System32\WS2_32.dll
0x00007ff8fbe30000 - 0x00007ff8fbe3a000 	C:\Windows\SYSTEM32\VERSION.dll
0x00007ff901b30000 - 0x00007ff901b42000 	C:\Windows\SYSTEM32\kernel.appcore.dll
0x00007ff8fd590000 - 0x00007ff8fd5a1000 	C:\Program Files\Android\Android Studio1\jre\bin\verify.dll
0x00007ff8f17f0000 - 0x00007ff8f19d4000 	C:\Windows\SYSTEM32\DBGHELP.DLL
0x00007ff8e9990000 - 0x00007ff8e99bc000 	C:\Windows\SYSTEM32\dbgcore.DLL
0x00007ff904510000 - 0x00007ff904592000 	C:\Windows\System32\bcryptPrimitives.dll
0x00007ff8fd430000 - 0x00007ff8fd459000 	C:\Program Files\Android\Android Studio1\jre\bin\java.dll
0x00007ff8ff380000 - 0x00007ff8ff38b000 	C:\Program Files\Android\Android Studio1\jre\bin\jimage.dll
0x00007ff8fd410000 - 0x00007ff8fd428000 	C:\Program Files\Android\Android Studio1\jre\bin\zip.dll

dbghelp: loaded successfully - version: 4.0.5 - missing functions: none
symbol engine: initialized successfully - sym options: 0x614 - pdb path: .;C:\Program Files\Android\Android Studio1\jre\bin;C:\Windows\SYSTEM32;C:\Windows\WinSxS\amd64_microsoft.windows.common-controls_6595b64144ccf1df_6.0.19041.1110_none_60b5254171f9507e;C:\Program Files\Android\Android Studio1\jre\bin\server

VM Arguments:
java_command: <unknown>
java_class_path (initial): <not set>
Launcher Type: SUN_STANDARD

[Global flags]
     intx CICompilerCount                          = 3                                         {product} {ergonomic}
     uint ConcGCThreads                            = 2                                         {product} {ergonomic}
     uint G1ConcRefinementThreads                  = 6                                         {product} {ergonomic}
   size_t G1HeapRegionSize                         = 1048576                                   {product} {ergonomic}
    uintx GCDrainStackTargetSize                   = 64                                        {product} {ergonomic}
   size_t InitialHeapSize                          = 268435456                                 {product} {ergonomic}
   size_t MarkStackSize                            = 4194304                                   {product} {ergonomic}
   size_t MaxHeapSize                              = 4278190080                                {product} {ergonomic}
   size_t MinHeapDeltaBytes                        = 1048576                                   {product} {ergonomic}
    uintx NonNMethodCodeHeapSize                   = 5830732                                {pd product} {ergonomic}
    uintx NonProfiledCodeHeapSize                  = 122913754                              {pd product} {ergonomic}
    uintx ProfiledCodeHeapSize                     = 122913754                              {pd product} {ergonomic}
    uintx ReservedCodeCacheSize                    = 251658240                              {pd product} {ergonomic}
     bool SegmentedCodeCache                       = true                                      {product} {ergonomic}
     bool UseCompressedClassPointers               = true                                 {lp64_product} {ergonomic}
     bool UseCompressedOops                        = true                                 {lp64_product} {ergonomic}
     bool UseG1GC                                  = true                                      {product} {ergonomic}
     bool UseLargePagesIndividualAllocation        = false                                  {pd product} {ergonomic}

Logging:
Log output configuration:
 #0: stdout all=warning uptime,level,tags
 #1: stderr all=off uptime,level,tags

Environment Variables:
PATH=C:\Program Files\Common Files\Oracle\Java\javapath;C:\Program Files (x86)\VMware\VMware Workstation\bin\;C:\Windows\system32;C:\Windows;C:\Windows\System32\Wbem;C:\Windows\System32\WindowsPowerShell\v1.0\;C:\Windows\System32\OpenSSH\;C:\Program Files\NVIDIA Corporation\NVIDIA NvDLISR;C:\Program Files (x86)\NVIDIA Corporation\PhysX\Common;C:\Program Files\Git\cmd;C:\Program Files\Microsoft SQL Server\130\Tools\Binn\;C:\Program Files\dotnet\;C:\Users\INZMAM\AppData\Local\Microsoft\WindowsApps;C:\src\flutter\bin;C:\tools\dart-sdk\bin;C:\Users\INZMAM\AppData\Local\Programs\Microsoft VS Code\bin;C:\Users\INZMAM\.dotnet\tools;C:\Program Files\Java\jdk-19\bin;;C:\src\flutter\bin\mingit\cmd
USERNAME=INZMAM
OS=Windows_NT
PROCESSOR_IDENTIFIER=Intel64 Family 6 Model 158 Stepping 10, GenuineIntel



---------------  S Y S T E M  ---------------

OS: Windows 10 , 64 bit Build 19041 (10.0.19041.2251)
OS uptime: 1 days 22:45 hours

CPU:total 6 (initial active 6) (6 cores per cpu, 1 threads per core) family 6 model 158 stepping 10 microcode 0xb4, cmov, cx8, fxsr, mmx, sse, sse2, sse3, ssse3, sse4.1, sse4.2, popcnt, avx, avx2, aes, clmul, erms, 3dnowpref, lzcnt, tsc, tscinvbit, bmi1, bmi2, adx, fma

Memory: 4k page, system-wide physical 16315M (802M free)
TotalPageFile size 26555M (AvailPageFile size 114M)
current process WorkingSet (physical memory assigned to process): 10M, peak: 10M
current process commit charge ("private bytes"): 56M, peak: 312M

vm_info: OpenJDK 64-Bit Server VM (11.0.12+7-b1504.28-7817840) for windows-amd64 JRE (11.0.12+7-b1504.28-7817840), built on Oct 13 2021 22:12:33 by "builder" with MS VC++ 14.0 (VS2015)

END.
